<?xml version="1.0" encoding="UTF-8"?>
<coverage generated="1657235884477" clover="3.2.0">
  <project timestamp="1657235884477" name="All files">
    <metrics statements="141" coveredstatements="141" conditionals="33" coveredconditionals="33" methods="19" coveredmethods="19" elements="193" coveredelements="193" complexity="0" loc="141" ncloc="141" packages="1" files="4" classes="4"/>
    <file name="ArrayService.ts" path="D:\Lets Code\Modulo 08\api-do-prof\helper-api-main\src\services\ArrayService.ts">
      <metrics statements="9" coveredstatements="9" conditionals="2" coveredconditionals="2" methods="2" coveredmethods="2"/>
      <line num="1" count="1" type="stmt"/>
      <line num="4" count="4" type="stmt"/>
      <line num="5" count="4" type="stmt"/>
      <line num="6" count="4" type="cond" truecount="1" falsecount="0"/>
      <line num="7" count="2" type="stmt"/>
      <line num="9" count="4" type="stmt"/>
      <line num="11" count="4" type="cond" truecount="1" falsecount="0"/>
      <line num="12" count="2" type="stmt"/>
      <line num="14" count="4" type="stmt"/>
    </file>
    <file name="CPFService.ts" path="D:\Lets Code\Modulo 08\api-do-prof\helper-api-main\src\services\CPFService.ts">
      <metrics statements="93" coveredstatements="93" conditionals="26" coveredconditionals="26" methods="8" coveredmethods="8"/>
      <line num="1" count="1" type="stmt"/>
      <line num="4" count="1" type="stmt"/>
      <line num="5" count="40" type="stmt"/>
      <line num="6" count="40" type="stmt"/>
      <line num="7" count="40" type="stmt"/>
      <line num="8" count="40" type="stmt"/>
      <line num="9" count="40" type="stmt"/>
      <line num="10" count="40" type="stmt"/>
      <line num="11" count="40" type="stmt"/>
      <line num="12" count="40" type="stmt"/>
      <line num="13" count="40" type="stmt"/>
      <line num="14" count="40" type="stmt"/>
      <line num="15" count="40" type="stmt"/>
      <line num="16" count="40" type="stmt"/>
      <line num="17" count="40" type="stmt"/>
      <line num="20" count="1" type="stmt"/>
      <line num="21" count="4" type="stmt"/>
      <line num="22" count="4" type="stmt"/>
      <line num="23" count="4" type="stmt"/>
      <line num="24" count="4" type="stmt"/>
      <line num="25" count="4" type="stmt"/>
      <line num="26" count="4" type="stmt"/>
      <line num="27" count="4" type="stmt"/>
      <line num="28" count="4" type="stmt"/>
      <line num="29" count="4" type="stmt"/>
      <line num="30" count="4" type="stmt"/>
      <line num="31" count="4" type="stmt"/>
      <line num="32" count="4" type="stmt"/>
      <line num="33" count="4" type="stmt"/>
      <line num="34" count="4" type="stmt"/>
      <line num="35" count="4" type="stmt"/>
      <line num="36" count="4" type="stmt"/>
      <line num="39" count="1" type="stmt"/>
      <line num="40" count="44" type="stmt"/>
      <line num="41" count="44" type="stmt"/>
      <line num="42" count="44" type="stmt"/>
      <line num="43" count="44" type="stmt"/>
      <line num="44" count="44" type="stmt"/>
      <line num="45" count="44" type="stmt"/>
      <line num="46" count="44" type="stmt"/>
      <line num="47" count="44" type="stmt"/>
      <line num="48" count="44" type="stmt"/>
      <line num="49" count="44" type="stmt"/>
      <line num="50" count="44" type="stmt"/>
      <line num="51" count="44" type="stmt"/>
      <line num="52" count="44" type="stmt"/>
      <line num="55" count="1" type="stmt"/>
      <line num="56" count="40" type="stmt"/>
      <line num="57" count="40" type="stmt"/>
      <line num="58" count="102" type="cond" truecount="1" falsecount="0"/>
      <line num="59" count="38" type="stmt"/>
      <line num="60" count="38" type="stmt"/>
      <line num="63" count="40" type="stmt"/>
      <line num="66" count="1" type="stmt"/>
      <line num="67" count="51" type="cond" truecount="1" falsecount="0"/>
      <line num="68" count="1" type="stmt"/>
      <line num="71" count="50" type="stmt"/>
      <line num="73" count="50" type="cond" truecount="3" falsecount="0"/>
      <line num="74" count="4" type="stmt"/>
      <line num="77" count="46" type="cond" truecount="1" falsecount="0"/>
      <line num="78" count="42" type="cond" truecount="4" falsecount="0"/>
      <line num="81" count="2" type="stmt"/>
      <line num="85" count="44" type="cond" truecount="2" falsecount="0"/>
      <line num="90" count="44" type="cond" truecount="2" falsecount="0"/>
      <line num="95" count="44" type="stmt"/>
      <line num="101" count="44" type="cond" truecount="2" falsecount="0"/>
      <line num="103" count="44" type="stmt"/>
      <line num="109" count="44" type="cond" truecount="2" falsecount="0"/>
      <line num="111" count="44" type="cond" truecount="4" falsecount="0"/>
      <line num="114" count="38" type="stmt"/>
      <line num="116" count="6" type="stmt"/>
      <line num="118" count="1" type="stmt"/>
      <line num="119" count="279" type="stmt"/>
      <line num="122" count="1" type="stmt"/>
      <line num="123" count="31" type="stmt"/>
      <line num="124" count="31" type="stmt"/>
      <line num="125" count="31" type="stmt"/>
      <line num="126" count="31" type="stmt"/>
      <line num="127" count="31" type="stmt"/>
      <line num="128" count="31" type="stmt"/>
      <line num="129" count="31" type="stmt"/>
      <line num="130" count="31" type="stmt"/>
      <line num="131" count="31" type="stmt"/>
      <line num="132" count="31" type="stmt"/>
      <line num="133" count="31" type="stmt"/>
      <line num="134" count="31" type="stmt"/>
      <line num="135" count="31" type="stmt"/>
      <line num="137" count="31" type="stmt"/>
      <line num="142" count="31" type="cond" truecount="2" falsecount="0"/>
      <line num="144" count="31" type="stmt"/>
      <line num="149" count="31" type="cond" truecount="2" falsecount="0"/>
      <line num="151" count="31" type="stmt"/>
      <line num="152" count="31" type="stmt"/>
    </file>
    <file name="LoremService.ts" path="D:\Lets Code\Modulo 08\api-do-prof\helper-api-main\src\services\LoremService.ts">
      <metrics statements="36" coveredstatements="36" conditionals="5" coveredconditionals="5" methods="7" coveredmethods="7"/>
      <line num="1" count="1" type="stmt"/>
      <line num="4" count="2" type="stmt"/>
      <line num="9" count="2" type="stmt"/>
      <line num="10" count="25" type="cond" truecount="1" falsecount="0"/>
      <line num="11" count="1" type="stmt"/>
      <line num="12" count="1" type="stmt"/>
      <line num="14" count="24" type="stmt"/>
      <line num="15" count="504" type="stmt"/>
      <line num="16" count="24" type="stmt"/>
      <line num="17" count="24" type="stmt"/>
      <line num="20" count="2" type="stmt"/>
      <line num="21" count="1" type="stmt"/>
      <line num="22" count="1" type="stmt"/>
      <line num="23" count="5" type="stmt"/>
      <line num="24" count="5" type="cond" truecount="1" falsecount="0"/>
      <line num="25" count="4" type="stmt"/>
      <line num="27" count="1" type="cond" truecount="1" falsecount="0"/>
      <line num="28" count="1" type="stmt"/>
      <line num="30" count="1" type="stmt"/>
      <line num="33" count="2" type="stmt"/>
      <line num="34" count="1" type="stmt"/>
      <line num="37" count="2" type="stmt"/>
      <line num="38" count="1" type="stmt"/>
      <line num="39" count="23" type="cond" truecount="1" falsecount="0"/>
      <line num="40" count="3" type="stmt"/>
      <line num="43" count="1" type="stmt"/>
      <line num="46" count="2" type="stmt"/>
      <line num="47" count="2" type="cond" truecount="1" falsecount="0"/>
      <line num="48" count="1" type="stmt"/>
      <line num="50" count="1" type="stmt"/>
      <line num="51" count="1" type="stmt"/>
      <line num="52" count="25" type="stmt"/>
      <line num="54" count="1" type="stmt"/>
      <line num="55" count="1" type="stmt"/>
      <line num="56" count="1" type="stmt"/>
      <line num="58" count="1" type="stmt"/>
    </file>
    <file name="MathService.ts" path="D:\Lets Code\Modulo 08\api-do-prof\helper-api-main\src\services\MathService.ts">
      <metrics statements="3" coveredstatements="3" conditionals="0" coveredconditionals="0" methods="2" coveredmethods="2"/>
      <line num="1" count="1" type="stmt"/>
      <line num="4" count="2" type="stmt"/>
      <line num="5" count="2" type="stmt"/>
    </file>
  </project>
</coverage>
