{"D:\\Lets Code\\Modulo 08\\api-do-prof\\helper-api-main\\src\\services\\ArrayService.ts": {"path":"D:\\Lets Code\\Modulo 08\\api-do-prof\\helper-api-main\\src\\services\\ArrayService.ts","statementMap":{"0":{"start":{"line":4,"column":4},"end":{"line":15,"column":6}},"1":{"start":{"line":5,"column":30},"end":{"line":5,"column":34}},"2":{"start":{"line":6,"column":8},"end":{"line":8,"column":null}},"3":{"start":{"line":7,"column":12},"end":{"line":7,"column":null}},"4":{"start":{"line":9,"column":8},"end":{"line":9,"column":null}},"5":{"start":{"line":11,"column":8},"end":{"line":13,"column":null}},"6":{"start":{"line":12,"column":12},"end":{"line":12,"column":null}},"7":{"start":{"line":14,"column":8},"end":{"line":14,"column":null}},"8":{"start":{"line":1,"column":0},"end":{"line":1,"column":13}}},"fnMap":{"0":{"name":"(anonymous_0)","decl":{"start":{"line":2,"column":4},"end":{"line":2,"column":19}},"loc":{"start":{"line":2,"column":4},"end":{"line":2,"column":20}}},"1":{"name":"(anonymous_1)","decl":{"start":{"line":4,"column":21},"end":{"line":4,"column":22}},"loc":{"start":{"line":4,"column":77},"end":{"line":15,"column":5}}}},"branchMap":{"0":{"loc":{"start":{"line":6,"column":8},"end":{"line":8,"column":null}},"type":"if","locations":[{"start":{"line":6,"column":8},"end":{"line":8,"column":null}}]},"1":{"loc":{"start":{"line":11,"column":8},"end":{"line":13,"column":null}},"type":"if","locations":[{"start":{"line":11,"column":8},"end":{"line":13,"column":null}}]}},"s":{"0":4,"1":4,"2":4,"3":2,"4":4,"5":4,"6":2,"7":4,"8":1},"f":{"0":4,"1":4},"b":{"0":[2],"1":[2]}}
,"D:\\Lets Code\\Modulo 08\\api-do-prof\\helper-api-main\\src\\services\\CPFService.ts": {"path":"D:\\Lets Code\\Modulo 08\\api-do-prof\\helper-api-main\\src\\services\\CPFService.ts","statementMap":{"0":{"start":{"line":4,"column":4},"end":{"line":18,"column":null}},"1":{"start":{"line":5,"column":25},"end":{"line":5,"column":27}},"2":{"start":{"line":6,"column":8},"end":{"line":6,"column":null}},"3":{"start":{"line":7,"column":8},"end":{"line":7,"column":null}},"4":{"start":{"line":8,"column":8},"end":{"line":8,"column":null}},"5":{"start":{"line":9,"column":8},"end":{"line":9,"column":null}},"6":{"start":{"line":10,"column":8},"end":{"line":10,"column":null}},"7":{"start":{"line":11,"column":8},"end":{"line":11,"column":null}},"8":{"start":{"line":12,"column":8},"end":{"line":12,"column":null}},"9":{"start":{"line":13,"column":8},"end":{"line":13,"column":null}},"10":{"start":{"line":14,"column":8},"end":{"line":14,"column":null}},"11":{"start":{"line":15,"column":8},"end":{"line":15,"column":null}},"12":{"start":{"line":16,"column":8},"end":{"line":16,"column":null}},"13":{"start":{"line":17,"column":8},"end":{"line":17,"column":null}},"14":{"start":{"line":20,"column":4},"end":{"line":37,"column":null}},"15":{"start":{"line":21,"column":23},"end":{"line":21,"column":25}},"16":{"start":{"line":22,"column":8},"end":{"line":22,"column":null}},"17":{"start":{"line":23,"column":8},"end":{"line":23,"column":null}},"18":{"start":{"line":24,"column":8},"end":{"line":24,"column":null}},"19":{"start":{"line":25,"column":8},"end":{"line":25,"column":null}},"20":{"start":{"line":26,"column":8},"end":{"line":26,"column":null}},"21":{"start":{"line":27,"column":8},"end":{"line":27,"column":null}},"22":{"start":{"line":28,"column":8},"end":{"line":28,"column":null}},"23":{"start":{"line":29,"column":8},"end":{"line":29,"column":null}},"24":{"start":{"line":30,"column":8},"end":{"line":30,"column":null}},"25":{"start":{"line":31,"column":8},"end":{"line":31,"column":null}},"26":{"start":{"line":32,"column":8},"end":{"line":32,"column":null}},"27":{"start":{"line":33,"column":8},"end":{"line":33,"column":null}},"28":{"start":{"line":34,"column":8},"end":{"line":34,"column":null}},"29":{"start":{"line":35,"column":8},"end":{"line":35,"column":null}},"30":{"start":{"line":36,"column":8},"end":{"line":36,"column":null}},"31":{"start":{"line":39,"column":4},"end":{"line":53,"column":null}},"32":{"start":{"line":40,"column":28},"end":{"line":40,"column":30}},"33":{"start":{"line":41,"column":8},"end":{"line":41,"column":null}},"34":{"start":{"line":42,"column":8},"end":{"line":42,"column":null}},"35":{"start":{"line":43,"column":8},"end":{"line":43,"column":null}},"36":{"start":{"line":44,"column":8},"end":{"line":44,"column":null}},"37":{"start":{"line":45,"column":8},"end":{"line":45,"column":null}},"38":{"start":{"line":46,"column":8},"end":{"line":46,"column":null}},"39":{"start":{"line":47,"column":8},"end":{"line":47,"column":null}},"40":{"start":{"line":48,"column":8},"end":{"line":48,"column":null}},"41":{"start":{"line":49,"column":8},"end":{"line":49,"column":null}},"42":{"start":{"line":50,"column":8},"end":{"line":50,"column":null}},"43":{"start":{"line":51,"column":8},"end":{"line":51,"column":null}},"44":{"start":{"line":52,"column":8},"end":{"line":52,"column":null}},"45":{"start":{"line":55,"column":4},"end":{"line":64,"column":null}},"46":{"start":{"line":56,"column":21},"end":{"line":56,"column":25}},"47":{"start":{"line":57,"column":8},"end":{"line":62,"column":null}},"48":{"start":{"line":57,"column":21},"end":{"line":57,"column":22}},"49":{"start":{"line":58,"column":12},"end":{"line":61,"column":null}},"50":{"start":{"line":59,"column":16},"end":{"line":59,"column":null}},"51":{"start":{"line":60,"column":16},"end":{"line":60,"column":21}},"52":{"start":{"line":63,"column":8},"end":{"line":63,"column":null}},"53":{"start":{"line":66,"column":4},"end":{"line":117,"column":null}},"54":{"start":{"line":67,"column":8},"end":{"line":69,"column":null}},"55":{"start":{"line":68,"column":12},"end":{"line":68,"column":null}},"56":{"start":{"line":71,"column":24},"end":{"line":71,"column":39}},"57":{"start":{"line":73,"column":8},"end":{"line":75,"column":null}},"58":{"start":{"line":74,"column":12},"end":{"line":74,"column":null}},"59":{"start":{"line":77,"column":8},"end":{"line":83,"column":null}},"60":{"start":{"line":78,"column":12},"end":{"line":82,"column":null}},"61":{"start":{"line":81,"column":16},"end":{"line":81,"column":null}},"62":{"start":{"line":85,"column":26},"end":{"line":87,"column":55}},"63":{"start":{"line":90,"column":12},"end":{"line":92,"column":20}},"64":{"start":{"line":95,"column":24},"end":{"line":99,"column":19}},"65":{"start":{"line":101,"column":25},"end":{"line":101,"column":53}},"66":{"start":{"line":103,"column":24},"end":{"line":107,"column":19}},"67":{"start":{"line":109,"column":26},"end":{"line":109,"column":54}},"68":{"start":{"line":111,"column":8},"end":{"line":115,"column":null}},"69":{"start":{"line":114,"column":12},"end":{"line":114,"column":null}},"70":{"start":{"line":116,"column":8},"end":{"line":116,"column":null}},"71":{"start":{"line":118,"column":4},"end":{"line":120,"column":null}},"72":{"start":{"line":119,"column":8},"end":{"line":119,"column":null}},"73":{"start":{"line":122,"column":4},"end":{"line":153,"column":null}},"74":{"start":{"line":123,"column":26},"end":{"line":123,"column":28}},"75":{"start":{"line":124,"column":8},"end":{"line":124,"column":null}},"76":{"start":{"line":125,"column":8},"end":{"line":125,"column":null}},"77":{"start":{"line":126,"column":8},"end":{"line":126,"column":null}},"78":{"start":{"line":127,"column":8},"end":{"line":127,"column":null}},"79":{"start":{"line":128,"column":8},"end":{"line":128,"column":null}},"80":{"start":{"line":129,"column":8},"end":{"line":129,"column":null}},"81":{"start":{"line":130,"column":8},"end":{"line":130,"column":null}},"82":{"start":{"line":131,"column":8},"end":{"line":131,"column":null}},"83":{"start":{"line":132,"column":8},"end":{"line":132,"column":null}},"84":{"start":{"line":133,"column":8},"end":{"line":133,"column":null}},"85":{"start":{"line":134,"column":8},"end":{"line":134,"column":null}},"86":{"start":{"line":135,"column":8},"end":{"line":135,"column":null}},"87":{"start":{"line":137,"column":32},"end":{"line":141,"column":19}},"88":{"start":{"line":142,"column":8},"end":{"line":142,"column":null}},"89":{"start":{"line":144,"column":32},"end":{"line":148,"column":19}},"90":{"start":{"line":149,"column":8},"end":{"line":149,"column":null}},"91":{"start":{"line":151,"column":20},"end":{"line":151,"column":38}},"92":{"start":{"line":152,"column":8},"end":{"line":152,"column":null}},"93":{"start":{"line":1,"column":0},"end":{"line":1,"column":13}}},"fnMap":{"0":{"name":"(anonymous_1)","decl":{"start":{"line":2,"column":4},"end":{"line":2,"column":19}},"loc":{"start":{"line":2,"column":4},"end":{"line":2,"column":20}}},"1":{"name":"(anonymous_2)","decl":{"start":{"line":4,"column":14},"end":{"line":4,"column":15}},"loc":{"start":{"line":4,"column":35},"end":{"line":18,"column":5}}},"2":{"name":"(anonymous_3)","decl":{"start":{"line":20,"column":14},"end":{"line":20,"column":15}},"loc":{"start":{"line":20,"column":35},"end":{"line":37,"column":5}}},"3":{"name":"(anonymous_4)","decl":{"start":{"line":39,"column":21},"end":{"line":39,"column":22}},"loc":{"start":{"line":39,"column":42},"end":{"line":53,"column":5}}},"4":{"name":"(anonymous_5)","decl":{"start":{"line":55,"column":23},"end":{"line":55,"column":24}},"loc":{"start":{"line":55,"column":44},"end":{"line":64,"column":5}}},"5":{"name":"(anonymous_6)","decl":{"start":{"line":66,"column":15},"end":{"line":66,"column":16}},"loc":{"start":{"line":66,"column":36},"end":{"line":117,"column":5}}},"6":{"name":"(anonymous_7)","decl":{"start":{"line":118,"column":18},"end":{"line":118,"column":21}},"loc":{"start":{"line":118,"column":23},"end":{"line":120,"column":5}}},"7":{"name":"(anonymous_8)","decl":{"start":{"line":122,"column":18},"end":{"line":122,"column":21}},"loc":{"start":{"line":122,"column":23},"end":{"line":153,"column":5}}}},"branchMap":{"0":{"loc":{"start":{"line":58,"column":12},"end":{"line":61,"column":null}},"type":"if","locations":[{"start":{"line":58,"column":12},"end":{"line":61,"column":null}}]},"1":{"loc":{"start":{"line":67,"column":8},"end":{"line":69,"column":null}},"type":"if","locations":[{"start":{"line":67,"column":8},"end":{"line":69,"column":null}}]},"2":{"loc":{"start":{"line":73,"column":8},"end":{"line":75,"column":null}},"type":"if","locations":[{"start":{"line":73,"column":8},"end":{"line":75,"column":null}}]},"3":{"loc":{"start":{"line":73,"column":12},"end":{"line":73,"column":42}},"type":"binary-expr","locations":[{"start":{"line":73,"column":12},"end":{"line":73,"column":25}},{"start":{"line":73,"column":29},"end":{"line":73,"column":42}}]},"4":{"loc":{"start":{"line":77,"column":8},"end":{"line":83,"column":null}},"type":"if","locations":[{"start":{"line":77,"column":8},"end":{"line":83,"column":null}}]},"5":{"loc":{"start":{"line":78,"column":12},"end":{"line":82,"column":null}},"type":"if","locations":[{"start":{"line":78,"column":12},"end":{"line":82,"column":null}}]},"6":{"loc":{"start":{"line":78,"column":16},"end":{"line":80,"column":42}},"type":"binary-expr","locations":[{"start":{"line":78,"column":16},"end":{"line":78,"column":41}},{"start":{"line":79,"column":16},"end":{"line":79,"column":41}},{"start":{"line":80,"column":16},"end":{"line":80,"column":42}}]},"7":{"loc":{"start":{"line":85,"column":26},"end":{"line":87,"column":55}},"type":"cond-expr","locations":[{"start":{"line":86,"column":12},"end":{"line":86,"column":41}},{"start":{"line":87,"column":12},"end":{"line":87,"column":55}}]},"8":{"loc":{"start":{"line":90,"column":12},"end":{"line":92,"column":20}},"type":"cond-expr","locations":[{"start":{"line":91,"column":12},"end":{"line":91,"column":34}},{"start":{"line":92,"column":12},"end":{"line":92,"column":20}}]},"9":{"loc":{"start":{"line":101,"column":25},"end":{"line":101,"column":53}},"type":"cond-expr","locations":[{"start":{"line":101,"column":42},"end":{"line":101,"column":43}},{"start":{"line":101,"column":46},"end":{"line":101,"column":53}}]},"10":{"loc":{"start":{"line":109,"column":26},"end":{"line":109,"column":54}},"type":"cond-expr","locations":[{"start":{"line":109,"column":43},"end":{"line":109,"column":44}},{"start":{"line":109,"column":47},"end":{"line":109,"column":54}}]},"11":{"loc":{"start":{"line":111,"column":8},"end":{"line":115,"column":null}},"type":"if","locations":[{"start":{"line":111,"column":8},"end":{"line":115,"column":null}}]},"12":{"loc":{"start":{"line":111,"column":12},"end":{"line":113,"column":46}},"type":"binary-expr","locations":[{"start":{"line":111,"column":12},"end":{"line":111,"column":35}},{"start":{"line":112,"column":12},"end":{"line":112,"column":37}},{"start":{"line":113,"column":12},"end":{"line":113,"column":46}}]},"13":{"loc":{"start":{"line":142,"column":24},"end":{"line":142,"column":68}},"type":"cond-expr","locations":[{"start":{"line":142,"column":49},"end":{"line":142,"column":50}},{"start":{"line":142,"column":53},"end":{"line":142,"column":68}}]},"14":{"loc":{"start":{"line":149,"column":25},"end":{"line":149,"column":69}},"type":"cond-expr","locations":[{"start":{"line":149,"column":50},"end":{"line":149,"column":51}},{"start":{"line":149,"column":54},"end":{"line":149,"column":69}}]}},"s":{"0":1,"1":40,"2":40,"3":40,"4":40,"5":40,"6":40,"7":40,"8":40,"9":40,"10":40,"11":40,"12":40,"13":40,"14":1,"15":4,"16":4,"17":4,"18":4,"19":4,"20":4,"21":4,"22":4,"23":4,"24":4,"25":4,"26":4,"27":4,"28":4,"29":4,"30":4,"31":1,"32":44,"33":44,"34":44,"35":44,"36":44,"37":44,"38":44,"39":44,"40":44,"41":44,"42":44,"43":44,"44":44,"45":1,"46":40,"47":40,"48":40,"49":102,"50":38,"51":38,"52":40,"53":1,"54":51,"55":1,"56":50,"57":50,"58":4,"59":46,"60":42,"61":2,"62":44,"63":44,"64":44,"65":44,"66":44,"67":44,"68":44,"69":38,"70":6,"71":1,"72":279,"73":1,"74":31,"75":31,"76":31,"77":31,"78":31,"79":31,"80":31,"81":31,"82":31,"83":31,"84":31,"85":31,"86":31,"87":31,"88":31,"89":31,"90":31,"91":31,"92":31,"93":1},"f":{"0":1,"1":40,"2":4,"3":44,"4":40,"5":51,"6":279,"7":31},"b":{"0":[38],"1":[1],"2":[4],"3":[50,46],"4":[42],"5":[2],"6":[42,40,40],"7":[40,4],"8":[40,4],"9":[7,37],"10":[3,41],"11":[38],"12":[44,42,40],"13":[3,28],"14":[1,30]}}
,"D:\\Lets Code\\Modulo 08\\api-do-prof\\helper-api-main\\src\\services\\LoremService.ts": {"path":"D:\\Lets Code\\Modulo 08\\api-do-prof\\helper-api-main\\src\\services\\LoremService.ts","statementMap":{"0":{"start":{"line":9,"column":4},"end":{"line":18,"column":null}},"1":{"start":{"line":10,"column":8},"end":{"line":13,"column":null}},"2":{"start":{"line":11,"column":24},"end":{"line":11,"column":74}},"3":{"start":{"line":12,"column":12},"end":{"line":12,"column":null}},"4":{"start":{"line":14,"column":21},"end":{"line":14,"column":46}},"5":{"start":{"line":15,"column":21},"end":{"line":15,"column":63}},"6":{"start":{"line":15,"column":50},"end":{"line":15,"column":62}},"7":{"start":{"line":16,"column":20},"end":{"line":16,"column":61}},"8":{"start":{"line":17,"column":8},"end":{"line":17,"column":null}},"9":{"start":{"line":20,"column":4},"end":{"line":31,"column":null}},"10":{"start":{"line":21,"column":27},"end":{"line":21,"column":39}},"11":{"start":{"line":22,"column":8},"end":{"line":26,"column":null}},"12":{"start":{"line":23,"column":12},"end":{"line":23,"column":null}},"13":{"start":{"line":24,"column":12},"end":{"line":24,"column":39}},"14":{"start":{"line":24,"column":34},"end":{"line":24,"column":39}},"15":{"start":{"line":25,"column":12},"end":{"line":25,"column":null}},"16":{"start":{"line":27,"column":8},"end":{"line":29,"column":null}},"17":{"start":{"line":28,"column":12},"end":{"line":28,"column":null}},"18":{"start":{"line":30,"column":8},"end":{"line":30,"column":null}},"19":{"start":{"line":33,"column":4},"end":{"line":35,"column":null}},"20":{"start":{"line":34,"column":8},"end":{"line":34,"column":72}},"21":{"start":{"line":37,"column":4},"end":{"line":44,"column":null}},"22":{"start":{"line":38,"column":8},"end":{"line":42,"column":null}},"23":{"start":{"line":38,"column":21},"end":{"line":38,"column":22}},"24":{"start":{"line":39,"column":12},"end":{"line":41,"column":null}},"25":{"start":{"line":40,"column":16},"end":{"line":40,"column":80}},"26":{"start":{"line":43,"column":8},"end":{"line":43,"column":null}},"27":{"start":{"line":46,"column":4},"end":{"line":59,"column":null}},"28":{"start":{"line":47,"column":8},"end":{"line":49,"column":null}},"29":{"start":{"line":48,"column":12},"end":{"line":48,"column":null}},"30":{"start":{"line":50,"column":31},"end":{"line":50,"column":33}},"31":{"start":{"line":51,"column":8},"end":{"line":53,"column":null}},"32":{"start":{"line":51,"column":21},"end":{"line":51,"column":22}},"33":{"start":{"line":52,"column":12},"end":{"line":52,"column":null}},"34":{"start":{"line":54,"column":8},"end":{"line":54,"column":null}},"35":{"start":{"line":55,"column":8},"end":{"line":55,"column":null}},"36":{"start":{"line":56,"column":8},"end":{"line":56,"column":null}},"37":{"start":{"line":58,"column":8},"end":{"line":58,"column":null}},"38":{"start":{"line":4,"column":4},"end":{"line":6,"column":null}},"39":{"start":{"line":1,"column":0},"end":{"line":1,"column":13}}},"fnMap":{"0":{"name":"(anonymous_0)","decl":{"start":{"line":3,"column":4},"end":{"line":3,"column":null}},"loc":{"start":{"line":3,"column":4},"end":{"line":7,"column":5}}},"1":{"name":"(anonymous_1)","decl":{"start":{"line":9,"column":14},"end":{"line":9,"column":15}},"loc":{"start":{"line":9,"column":34},"end":{"line":18,"column":5}}},"2":{"name":"(anonymous_2)","decl":{"start":{"line":15,"column":42},"end":{"line":15,"column":46}},"loc":{"start":{"line":15,"column":50},"end":{"line":15,"column":62}}},"3":{"name":"(anonymous_3)","decl":{"start":{"line":20,"column":21},"end":{"line":20,"column":22}},"loc":{"start":{"line":20,"column":41},"end":{"line":31,"column":5}}},"4":{"name":"(anonymous_4)","decl":{"start":{"line":33,"column":20},"end":{"line":33,"column":21}},"loc":{"start":{"line":33,"column":40},"end":{"line":35,"column":5}}},"5":{"name":"(anonymous_5)","decl":{"start":{"line":37,"column":23},"end":{"line":37,"column":24}},"loc":{"start":{"line":37,"column":43},"end":{"line":44,"column":5}}},"6":{"name":"(anonymous_6)","decl":{"start":{"line":46,"column":15},"end":{"line":46,"column":16}},"loc":{"start":{"line":46,"column":38},"end":{"line":59,"column":5}}}},"branchMap":{"0":{"loc":{"start":{"line":10,"column":8},"end":{"line":13,"column":null}},"type":"if","locations":[{"start":{"line":10,"column":8},"end":{"line":13,"column":null}}]},"1":{"loc":{"start":{"line":24,"column":12},"end":{"line":24,"column":39}},"type":"if","locations":[{"start":{"line":24,"column":12},"end":{"line":24,"column":39}}]},"2":{"loc":{"start":{"line":27,"column":8},"end":{"line":29,"column":null}},"type":"if","locations":[{"start":{"line":27,"column":8},"end":{"line":29,"column":null}}]},"3":{"loc":{"start":{"line":39,"column":12},"end":{"line":41,"column":null}},"type":"if","locations":[{"start":{"line":39,"column":12},"end":{"line":41,"column":null}}]},"4":{"loc":{"start":{"line":47,"column":8},"end":{"line":49,"column":null}},"type":"if","locations":[{"start":{"line":47,"column":8},"end":{"line":49,"column":null}}]}},"s":{"0":2,"1":25,"2":1,"3":1,"4":24,"5":24,"6":504,"7":24,"8":24,"9":2,"10":1,"11":1,"12":5,"13":5,"14":1,"15":4,"16":1,"17":1,"18":1,"19":2,"20":1,"21":2,"22":1,"23":1,"24":23,"25":3,"26":1,"27":2,"28":2,"29":1,"30":1,"31":1,"32":1,"33":25,"34":1,"35":1,"36":1,"37":1,"38":2,"39":1},"f":{"0":2,"1":25,"2":504,"3":1,"4":1,"5":1,"6":2},"b":{"0":[1],"1":[1],"2":[1],"3":[3],"4":[1]}}
,"D:\\Lets Code\\Modulo 08\\api-do-prof\\helper-api-main\\src\\services\\MathService.ts": {"path":"D:\\Lets Code\\Modulo 08\\api-do-prof\\helper-api-main\\src\\services\\MathService.ts","statementMap":{"0":{"start":{"line":4,"column":2},"end":{"line":6,"column":4}},"1":{"start":{"line":5,"column":4},"end":{"line":5,"column":17}},"2":{"start":{"line":1,"column":0},"end":{"line":1,"column":13}}},"fnMap":{"0":{"name":"(anonymous_0)","decl":{"start":{"line":2,"column":2},"end":{"line":2,"column":17}},"loc":{"start":{"line":2,"column":2},"end":{"line":2,"column":18}}},"1":{"name":"(anonymous_1)","decl":{"start":{"line":4,"column":11},"end":{"line":4,"column":12}},"loc":{"start":{"line":4,"column":36},"end":{"line":6,"column":3}}}},"branchMap":{},"s":{"0":2,"1":2,"2":1},"f":{"0":2,"1":2},"b":{}}
}
