TN:
SF:src\services\ArrayService.ts
FN:2,(anonymous_0)
FN:4,(anonymous_1)
FNF:2
FNH:2
FNDA:4,(anonymous_0)
FNDA:4,(anonymous_1)
DA:1,1
DA:4,4
DA:5,4
DA:6,4
DA:7,2
DA:9,4
DA:11,4
DA:12,2
DA:14,4
LF:9
LH:9
BRDA:6,0,0,2
BRDA:11,1,0,2
BRF:2
BRH:2
end_of_record
TN:
SF:src\services\CPFService.ts
FN:2,(anonymous_1)
FN:4,(anonymous_2)
FN:20,(anonymous_3)
FN:39,(anonymous_4)
FN:55,(anonymous_5)
FN:66,(anonymous_6)
FN:118,(anonymous_7)
FN:122,(anonymous_8)
FNF:8
FNH:8
FNDA:1,(anonymous_1)
FNDA:40,(anonymous_2)
FNDA:4,(anonymous_3)
FNDA:44,(anonymous_4)
FNDA:40,(anonymous_5)
FNDA:51,(anonymous_6)
FNDA:279,(anonymous_7)
FNDA:31,(anonymous_8)
DA:1,1
DA:4,1
DA:5,40
DA:6,40
DA:7,40
DA:8,40
DA:9,40
DA:10,40
DA:11,40
DA:12,40
DA:13,40
DA:14,40
DA:15,40
DA:16,40
DA:17,40
DA:20,1
DA:21,4
DA:22,4
DA:23,4
DA:24,4
DA:25,4
DA:26,4
DA:27,4
DA:28,4
DA:29,4
DA:30,4
DA:31,4
DA:32,4
DA:33,4
DA:34,4
DA:35,4
DA:36,4
DA:39,1
DA:40,44
DA:41,44
DA:42,44
DA:43,44
DA:44,44
DA:45,44
DA:46,44
DA:47,44
DA:48,44
DA:49,44
DA:50,44
DA:51,44
DA:52,44
DA:55,1
DA:56,40
DA:57,40
DA:58,102
DA:59,38
DA:60,38
DA:63,40
DA:66,1
DA:67,51
DA:68,1
DA:71,50
DA:73,50
DA:74,4
DA:77,46
DA:78,42
DA:81,2
DA:85,44
DA:90,44
DA:95,44
DA:101,44
DA:103,44
DA:109,44
DA:111,44
DA:114,38
DA:116,6
DA:118,1
DA:119,279
DA:122,1
DA:123,31
DA:124,31
DA:125,31
DA:126,31
DA:127,31
DA:128,31
DA:129,31
DA:130,31
DA:131,31
DA:132,31
DA:133,31
DA:134,31
DA:135,31
DA:137,31
DA:142,31
DA:144,31
DA:149,31
DA:151,31
DA:152,31
LF:93
LH:93
BRDA:58,0,0,38
BRDA:67,1,0,1
BRDA:73,2,0,4
BRDA:73,3,0,50
BRDA:73,3,1,46
BRDA:77,4,0,42
BRDA:78,5,0,2
BRDA:78,6,0,42
BRDA:78,6,1,40
BRDA:78,6,2,40
BRDA:85,7,0,40
BRDA:85,7,1,4
BRDA:90,8,0,40
BRDA:90,8,1,4
BRDA:101,9,0,7
BRDA:101,9,1,37
BRDA:109,10,0,3
BRDA:109,10,1,41
BRDA:111,11,0,38
BRDA:111,12,0,44
BRDA:111,12,1,42
BRDA:111,12,2,40
BRDA:142,13,0,3
BRDA:142,13,1,28
BRDA:149,14,0,1
BRDA:149,14,1,30
BRF:26
BRH:26
end_of_record
TN:
SF:src\services\LoremService.ts
FN:3,(anonymous_0)
FN:9,(anonymous_1)
FN:15,(anonymous_2)
FN:20,(anonymous_3)
FN:33,(anonymous_4)
FN:37,(anonymous_5)
FN:46,(anonymous_6)
FNF:7
FNH:7
FNDA:2,(anonymous_0)
FNDA:25,(anonymous_1)
FNDA:504,(anonymous_2)
FNDA:1,(anonymous_3)
FNDA:1,(anonymous_4)
FNDA:1,(anonymous_5)
FNDA:2,(anonymous_6)
DA:1,1
DA:4,2
DA:9,2
DA:10,25
DA:11,1
DA:12,1
DA:14,24
DA:15,504
DA:16,24
DA:17,24
DA:20,2
DA:21,1
DA:22,1
DA:23,5
DA:24,5
DA:25,4
DA:27,1
DA:28,1
DA:30,1
DA:33,2
DA:34,1
DA:37,2
DA:38,1
DA:39,23
DA:40,3
DA:43,1
DA:46,2
DA:47,2
DA:48,1
DA:50,1
DA:51,1
DA:52,25
DA:54,1
DA:55,1
DA:56,1
DA:58,1
LF:36
LH:36
BRDA:10,0,0,1
BRDA:24,1,0,1
BRDA:27,2,0,1
BRDA:39,3,0,3
BRDA:47,4,0,1
BRF:5
BRH:5
end_of_record
TN:
SF:src\services\MathService.ts
FN:2,(anonymous_0)
FN:4,(anonymous_1)
FNF:2
FNH:2
FNDA:2,(anonymous_0)
FNDA:2,(anonymous_1)
DA:1,1
DA:4,2
DA:5,2
LF:3
LH:3
BRF:0
BRH:0
end_of_record
